<?xml version="1.0" encoding="UTF-8"?>
<!-- Generated by org.testng.reporters.JUnitReportReporter -->
<testsuite hostname="kapil-Bisht" failures="0" tests="1" name="Auto1Project.AutomationTask.searchFunctionality" time="15.970" errors="0" timestamp="2021-12-06T23:03:11 IST" skipped="0">
  <testcase classname="Auto1Project.AutomationTask.searchFunctionality" name="filterCarsTest" time="15.970"/>
  <system-out/>
</testsuite> <!-- Auto1Project.AutomationTask.searchFunctionality -->
